<?xml version="1.0" encoding="UTF-8" standalone="no"?>
<!DOCTYPE log SYSTEM "logger.dtd">
<log>
<record>
  <date>2023-03-18T11:16:35.935-0300</date>
  <logger>IAN EVANGELISTA RODRIGUES</logger>
  <level>FINE</level>
  <message>File 121210119-IAN EVANGELISTA RODRIGUES.zip was received. It was sent by IAN EVANGELISTA RODRIGUES from IP 192.168.15.13 at 18-03-2023 11*16*35</message>
</record>
</log>
<?xml version="1.0" encoding="UTF-8" standalone="no"?>
<!DOCTYPE log SYSTEM "logger.dtd">
<log>
<record>
  <date>2023-03-18T11:16:39.061-0300</date>
  <logger>IAN EVANGELISTA RODRIGUES</logger>
  <level>FINE</level>
  <message>File 121210119-IAN EVANGELISTA RODRIGUES.zip was received. It was sent by IAN EVANGELISTA RODRIGUES from IP 192.168.224.1 at 18-03-2023 11*16*39</message>
</record>
</log>
<?xml version="1.0" encoding="UTF-8" standalone="no"?>
<!DOCTYPE log SYSTEM "logger.dtd">
<log>
<record>
  <date>2023-03-18T11:17:44.916-0300</date>
  <logger>IAN EVANGELISTA RODRIGUES</logger>
  <level>FINE</level>
  <message>File 121210119-IAN EVANGELISTA RODRIGUES.zip was received. It was sent by IAN EVANGELISTA RODRIGUES from IP 192.168.15.13 at 18-03-2023 11*17*44</message>
</record>
</log>
<?xml version="1.0" encoding="UTF-8" standalone="no"?>
<!DOCTYPE log SYSTEM "logger.dtd">
<log>
<record>
  <date>2023-03-18T12:29:40.477-0300</date>
  <logger>IAN EVANGELISTA RODRIGUES</logger>
  <level>FINE</level>
  <message>File 121210119-IAN EVANGELISTA RODRIGUES.zip was received. It was sent by IAN EVANGELISTA RODRIGUES from IP 192.168.15.13 at 18-03-2023 12*29*40</message>
</record>
