<?xml version="1.0" encoding="UTF-8" standalone="no"?>
<!DOCTYPE log SYSTEM "logger.dtd">
<log>
<record>
  <date>2023-05-05T14:11:40.651-0300</date>
  <logger>IAN EVANGELISTA RODRIGUES</logger>
  <level>FINE</level>
  <message>File 121210119-IAN EVANGELISTA RODRIGUES.zip was received. It was sent by IAN EVANGELISTA RODRIGUES from IP 192.168.15.13 at 05-05-2023 14*11*40</message>
</record>
</log>
<?xml version="1.0" encoding="UTF-8" standalone="no"?>
<!DOCTYPE log SYSTEM "logger.dtd">
<log>
<record>
  <date>2023-05-05T14:12:18.058-0300</date>
  <logger>IAN EVANGELISTA RODRIGUES</logger>
  <level>FINE</level>
  <message>File 121210119-IAN EVANGELISTA RODRIGUES.zip was received. It was sent by IAN EVANGELISTA RODRIGUES from IP 192.168.15.13 at 05-05-2023 14*12*18</message>
</record>
</log>
<?xml version="1.0" encoding="UTF-8" standalone="no"?>
<!DOCTYPE log SYSTEM "logger.dtd">
<log>
<record>
  <date>2023-05-05T14:58:42.778-0300</date>
  <logger>IAN EVANGELISTA RODRIGUES</logger>
  <level>FINE</level>
  <message>File 121210119-IAN EVANGELISTA RODRIGUES.zip was received. It was sent by IAN EVANGELISTA RODRIGUES from IP 192.168.15.13 at 05-05-2023 14*58*42</message>
</record>
</log>
<?xml version="1.0" encoding="UTF-8" standalone="no"?>
<!DOCTYPE log SYSTEM "logger.dtd">
<log>
<record>
  <date>2023-05-05T17:10:10.189-0300</date>
  <logger>IAN EVANGELISTA RODRIGUES</logger>
  <level>FINE</level>
  <message>File 121210119-IAN EVANGELISTA RODRIGUES.zip was received. It was sent by IAN EVANGELISTA RODRIGUES from IP 192.168.15.13 at 05-05-2023 17*10*10</message>
</record>
</log>
<?xml version="1.0" encoding="UTF-8" standalone="no"?>
<!DOCTYPE log SYSTEM "logger.dtd">
<log>
<record>
  <date>2023-05-05T17:10:31.373-0300</date>
  <logger>IAN EVANGELISTA RODRIGUES</logger>
  <level>FINE</level>
  <message>File 121210119-IAN EVANGELISTA RODRIGUES.zip was received. It was sent by IAN EVANGELISTA RODRIGUES from IP 192.168.15.13 at 05-05-2023 17*10*31</message>
</record>
</log>
<?xml version="1.0" encoding="UTF-8" standalone="no"?>
<!DOCTYPE log SYSTEM "logger.dtd">
<log>
<record>
  <date>2023-05-06T11:21:06.781-0300</date>
  <logger>IAN EVANGELISTA RODRIGUES</logger>
  <level>FINE</level>
  <message>File 121210119-IAN EVANGELISTA RODRIGUES.zip was received. It was sent by IAN EVANGELISTA RODRIGUES from IP 192.168.15.13 at 06-05-2023 11*21*04</message>
</record>
</log>
<?xml version="1.0" encoding="UTF-8" standalone="no"?>
<!DOCTYPE log SYSTEM "logger.dtd">
<log>
<record>
  <date>2023-05-06T11:21:16.453-0300</date>
  <logger>IAN EVANGELISTA RODRIGUES</logger>
  <level>FINE</level>
  <message>File 121210119-IAN EVANGELISTA RODRIGUES.zip was received. It was sent by IAN EVANGELISTA RODRIGUES from IP 192.168.15.13 at 06-05-2023 11*21*16</message>
</record>
</log>
<?xml version="1.0" encoding="UTF-8" standalone="no"?>
<!DOCTYPE log SYSTEM "logger.dtd">
<log>
<record>
  <date>2023-05-06T11:21:51.069-0300</date>
  <logger>IAN EVANGELISTA RODRIGUES</logger>
  <level>FINE</level>
  <message>File 121210119-IAN EVANGELISTA RODRIGUES.zip was received. It was sent by IAN EVANGELISTA RODRIGUES from IP 192.168.15.13 at 06-05-2023 11*21*51</message>
</record>
